<?xml version="1.0" encoding="UTF-8"?>
<testsuite xmlns:xsi="http://www.w3.org/2001/XMLSchema-instance" xsi:noNamespaceSchemaLocation="https://maven.apache.org/surefire/maven-surefire-plugin/xsd/surefire-test-report-3.0.xsd" version="3.0" name="TestSuite" time="1,466.353" tests="7" errors="0" skipped="0" failures="0">
  <properties>
[...]
</properties>
  <testcase name="verifyElements[Kurdish - Sorani](1)" classname="erp.testcases.CompanyList.CompanyListTest" time="167.078">
    <system-out><![CDATA[Start: CompanyList_Suite
Launching Chrome browser...
120.0.6099.217


<========================= RUN TEST CASE =========================>
INFO  Log - Run test: verifyElements
INFO  Log - Test on Language:Kurdish - Sorani
Start with Test name: verifyElements
Test with language: Kurdish - Sorani
Test with language: Kurdish - Sorani
]]></system-out>
    <system-err><![CDATA[[main] INFO org.testng.internal.Utils - [Utils] MethodGroupsHelper.collectMethodsByGroup() took 1 ms.
[main] INFO org.testng.internal.Utils - [Utils] MethodGroupsHelper.sortMethods() took 1 ms.
[main] INFO org.testng.internal.Utils - [Utils] MethodGroupsHelper.collectMethodsByGroup() took 0 ms.
[main] INFO org.testng.internal.Utils - [Utils] MethodGroupsHelper.sortMethods() took 0 ms.
[main] INFO org.testng.internal.Utils - [Utils] MethodGroupsHelper.collectMethodsByGroup() took 0 ms.
[main] INFO org.testng.internal.Utils - [Utils] MethodGroupsHelper.sortMethods() took 0 ms.
[main] INFO org.testng.internal.Utils - [Utils] MethodGroupsHelper.collectMethodsByGroup() took 0 ms.
[main] INFO org.testng.internal.Utils - [Utils] MethodGroupsHelper.sortMethods() took 0 ms.
[main] INFO org.testng.internal.Utils - [Utils] MethodGroupsHelper.collectMethodsByGroup() took 3 ms.
[main] INFO org.testng.internal.Utils - [Utils] MethodGroupsHelper.sortMethods() took 15 ms.
[main] INFO org.testng.internal.Utils - [Utils] MethodGroupsHelper.collectMethodsByGroup() took 0 ms.
[main] INFO org.testng.internal.Utils - [Utils] MethodGroupsHelper.sortMethods() took 0 ms.
[main] INFO org.testng.internal.Utils - [Utils] MethodGroupsHelper.collectMethodsByGroup() took 0 ms.
[main] INFO org.testng.internal.Utils - [Utils] MethodGroupsHelper.sortMethods() took 0 ms.
[main] INFO org.testng.internal.Utils - [Utils] MethodGroupsHelper.collectMethodsByGroup() took 0 ms.
[main] INFO org.testng.internal.Utils - [Utils] MethodGroupsHelper.sortMethods() took 0 ms.
[main] INFO org.testng.internal.Utils - [Utils] MethodGroupsHelper.collectMethodsByGroup() took 0 ms.
[main] INFO org.testng.internal.Utils - [Utils] MethodGroupsHelper.sortMethods() took 0 ms.
[main] INFO org.testng.internal.Utils - [Utils] MethodGroupsHelper.collectMethodsByGroup() took 0 ms.
[main] INFO org.testng.internal.Utils - [Utils] MethodGroupsHelper.sortMethods() took 0 ms.
[main] INFO org.testng.internal.Utils - [Utils] MethodGroupsHelper.collectMethodsByGroup() took 0 ms.
[main] INFO org.testng.internal.Utils - [Utils] MethodGroupsHelper.sortMethods() took 0 ms.
[main] INFO org.testng.internal.Utils - [Utils] MethodGroupsHelper.collectMethodsByGroup() took 0 ms.
[main] INFO org.testng.internal.Utils - [Utils] MethodGroupsHelper.sortMethods() took 0 ms.
[main] INFO org.testng.internal.Utils - [Utils] MethodGroupsHelper.collectMethodsByGroup() took 0 ms.
[main] INFO org.testng.internal.Utils - [Utils] MethodGroupsHelper.sortMethods() took 1 ms.
[main] INFO org.testng.internal.Utils - [Utils] MethodGroupsHelper.collectMethodsByGroup() took 0 ms.
[main] INFO org.testng.internal.Utils - [Utils] MethodGroupsHelper.sortMethods() took 0 ms.
[main] INFO org.testng.internal.Utils - [Utils] MethodGroupsHelper.collectMethodsByGroup() took 0 ms.
[main] INFO org.testng.internal.Utils - [Utils] MethodGroupsHelper.sortMethods() took 0 ms.
[main] INFO org.testng.internal.Utils - [Utils] DynamicGraphHelper.createDynamicGraph() took 3 ms.
[main] INFO io.github.bonigarcia.wdm.WebDriverManager - Using chromedriver 120.0.6099.109 (resolved driver for Chrome 120)
[main] INFO io.github.bonigarcia.wdm.WebDriverManager - Exporting webdriver.chrome.driver as C:\Users\Nhan\.cache\selenium\chromedriver\win64\120.0.6099.109\chromedriver.exe
[main] WARN io.github.bonigarcia.wdm.WebDriverManager - Exception deleting driver cache at C:\Users\Nhan\.cache\selenium
org.apache.commons.io.IOExceptionList: C:\Users\Nhan\.cache\selenium
	at org.apache.commons.io.FileUtils.cleanDirectory(FileUtils.java:331)
	at io.github.bonigarcia.wdm.WebDriverManager.clearDriverCache(WebDriverManager.java:818)
	at erp.base.BaseSetup.innitChrome(BaseSetup.java:45)
	at erp.base.BaseSetup.Setup(BaseSetup.java:98)
	at java.base/jdk.internal.reflect.DirectMethodHandleAccessor.invoke(DirectMethodHandleAccessor.java:104)
	at java.base/java.lang.reflect.Method.invoke(Method.java:577)
	at org.testng.internal.invokers.MethodInvocationHelper.invokeMethod(MethodInvocationHelper.java:139)
	at org.testng.internal.invokers.MethodInvocationHelper.invokeMethodConsideringTimeout(MethodInvocationHelper.java:69)
	at org.testng.internal.invokers.ConfigInvoker.invokeConfigurationMethod(ConfigInvoker.java:361)
	at org.testng.internal.invokers.ConfigInvoker.invokeConfigurations(ConfigInvoker.java:296)
	at org.testng.internal.invokers.TestMethodWorker.invokeBeforeClassMethods(TestMethodWorker.java:180)
	at org.testng.internal.invokers.TestMethodWorker.run(TestMethodWorker.java:122)
	at java.base/java.util.ArrayList.forEach(ArrayList.java:1511)
	at org.testng.TestRunner.privateRun(TestRunner.java:829)
	at org.testng.TestRunner.run(TestRunner.java:602)
	at org.testng.SuiteRunner.runTest(SuiteRunner.java:437)
	at org.testng.SuiteRunner.runSequentially(SuiteRunner.java:431)
	at org.testng.SuiteRunner.privateRun(SuiteRunner.java:391)
	at org.testng.SuiteRunner.run(SuiteRunner.java:330)
	at org.testng.SuiteRunnerWorker.runSuite(SuiteRunnerWorker.java:52)
	at org.testng.SuiteRunnerWorker.run(SuiteRunnerWorker.java:95)
	at org.testng.TestNG.runSuitesSequentially(TestNG.java:1256)
	at org.testng.TestNG.runSuitesLocally(TestNG.java:1176)
	at org.testng.TestNG.runSuites(TestNG.java:1099)
	at org.testng.TestNG.run(TestNG.java:1067)
	at org.apache.maven.surefire.testng.TestNGExecutor.run(TestNGExecutor.java:284)
	at org.apache.maven.surefire.testng.TestNGXmlTestSuite.execute(TestNGXmlTestSuite.java:75)
	at org.apache.maven.surefire.testng.TestNGProvider.invoke(TestNGProvider.java:119)
	at org.apache.maven.surefire.booter.ForkedBooter.runSuitesInProcess(ForkedBooter.java:428)
	at org.apache.maven.surefire.booter.ForkedBooter.execute(ForkedBooter.java:162)
	at org.apache.maven.surefire.booter.ForkedBooter.run(ForkedBooter.java:562)
	at org.apache.maven.surefire.booter.ForkedBooter.main(ForkedBooter.java:548)
Caused by: java.io.IOException: Cannot delete file: C:\Users\Nhan\.cache\selenium\chromedriver
	at org.apache.commons.io.FileUtils.forceDelete(FileUtils.java:1344)
	at org.apache.commons.io.FileUtils.cleanDirectory(FileUtils.java:324)
	... 31 more
Caused by: java.nio.file.AccessDeniedException: C:\Users\Nhan\.cache\selenium\chromedriver\win64\120.0.6099.109\chromedriver.exe
	at java.base/sun.nio.fs.WindowsException.translateToIOException(WindowsException.java:89)
	at java.base/sun.nio.fs.WindowsException.rethrowAsIOException(WindowsException.java:103)
	at java.base/sun.nio.fs.WindowsException.rethrowAsIOException(WindowsException.java:108)
	at java.base/sun.nio.fs.WindowsFileSystemProvider.implDelete(WindowsFileSystemProvider.java:275)
	at java.base/sun.nio.fs.AbstractFileSystemProvider.deleteIfExists(AbstractFileSystemProvider.java:110)
	at java.base/java.nio.file.Files.deleteIfExists(Files.java:1191)
	at org.apache.commons.io.file.DeletingPathVisitor.visitFile(DeletingPathVisitor.java:161)
	at org.apache.commons.io.file.DeletingPathVisitor.visitFile(DeletingPathVisitor.java:37)
	at java.base/java.nio.file.Files.walkFileTree(Files.java:2812)
	at java.base/java.nio.file.Files.walkFileTree(Files.java:2883)
	at org.apache.commons.io.file.PathUtils.visitFileTree(PathUtils.java:971)
	at org.apache.commons.io.file.PathUtils.deleteDirectory(PathUtils.java:434)
	at org.apache.commons.io.file.PathUtils.delete(PathUtils.java:391)
	at org.apache.commons.io.FileUtils.forceDelete(FileUtils.java:1341)
	... 32 more
[main] INFO io.github.bonigarcia.wdm.WebDriverManager - Using chromedriver 120.0.6099.109 (resolved driver for Chrome 120)
[main] INFO io.github.bonigarcia.wdm.WebDriverManager - Exporting webdriver.chrome.driver as C:\Users\Nhan\.cache\selenium\chromedriver\win64\120.0.6099.109\chromedriver.exe
[main] INFO io.github.bonigarcia.wdm.cache.ResolutionCache - Clearing WebDriverManager resolution cache
[main] INFO io.github.bonigarcia.wdm.WebDriverManager - Using chromedriver 120.0.6099.109 (resolved driver for Chrome 120)
[main] INFO io.github.bonigarcia.wdm.WebDriverManager - Exporting webdriver.chrome.driver as C:\Users\Nhan\.cache\selenium\chromedriver\win64\120.0.6099.109\chromedriver.exe
Jan 12, 2024 2:19:00 PM org.openqa.selenium.devtools.CdpVersionFinder findNearestMatch
WARNING: Unable to find CDP implementation matching 120
Jan 12, 2024 2:19:00 PM org.openqa.selenium.chromium.ChromiumDriver lambda$new$5
WARNING: Unable to find version of CDP to use for 120.0.6099.217. You may need to include a dependency on a specific version of the CDP using something similar to `org.seleniumhq.selenium:selenium-devtools-v86:4.12.0` where the version ("v86") matches the version of the chromium-based browser you're using and the version number of the artifact is the same as Selenium's.
]]></system-err>
  </testcase>
  <testcase name="verifyCompanyListNotNull[Kurdish - Sorani](1)" classname="erp.testcases.CompanyList.CompanyListTest" time="243.11">
    <system-out><![CDATA[End test name: verifyElements
Passed case: verifyElements
INFO  Log - Passed: verifyElements
<========================= FINISH TEST CASE =========================> 



<========================= RUN TEST CASE =========================>
INFO  Log - Run test: verifyCompanyListNotNull
INFO  Log - Test on Language:Kurdish - Sorani
Start with Test name: verifyCompanyListNotNull
Test with language: Kurdish - Sorani
Test with language: Kurdish - Sorani
number of company on list is 2
Real Company is: 1
Demo company is: 1
]]></system-out>
  </testcase>
  <testcase name="verifyCompanyListNull[Kurdish - Sorani](1)" classname="erp.testcases.CompanyList.CompanyListTest" time="208.605">
    <system-out><![CDATA[End test name: verifyCompanyListNotNull
Passed case: verifyCompanyListNotNull
INFO  Log - Passed: verifyCompanyListNotNull
<========================= FINISH TEST CASE =========================> 



<========================= RUN TEST CASE =========================>
INFO  Log - Run test: verifyCompanyListNull
INFO  Log - Test on Language:Kurdish - Sorani
Start with Test name: verifyCompanyListNull
Test with language: Kurdish - Sorani
Test with language: Kurdish - Sorani
The result is empty
number of company on list is 0
]]></system-out>
  </testcase>
  <testcase name="verifyGoToEditDemoCompanyPage[Kurdish - Sorani](1)" classname="erp.testcases.CompanyList.CompanyListTest" time="214.021">
    <system-out><![CDATA[End test name: verifyCompanyListNull
Passed case: verifyCompanyListNull
INFO  Log - Passed: verifyCompanyListNull
<========================= FINISH TEST CASE =========================> 



<========================= RUN TEST CASE =========================>
INFO  Log - Run test: verifyGoToEditDemoCompanyPage
INFO  Log - Test on Language:Kurdish - Sorani
Start with Test name: verifyGoToEditDemoCompanyPage
Test with language: Kurdish - Sorani
Test with language: Kurdish - Sorani
Company 01 is not کاتی
]]></system-out>
  </testcase>
  <testcase name="verifyGoToEditRealCompanyPage[Kurdish - Sorani](1)" classname="erp.testcases.CompanyList.CompanyListTest" time="214.954">
    <system-out><![CDATA[End test name: verifyGoToEditDemoCompanyPage
Passed case: verifyGoToEditDemoCompanyPage
INFO  Log - Passed: verifyGoToEditDemoCompanyPage
<========================= FINISH TEST CASE =========================> 



<========================= RUN TEST CASE =========================>
INFO  Log - Run test: verifyGoToEditRealCompanyPage
INFO  Log - Test on Language:Kurdish - Sorani
Start with Test name: verifyGoToEditRealCompanyPage
Test with language: Kurdish - Sorani
Test with language: Kurdish - Sorani
]]></system-out>
  </testcase>
  <testcase name="verifyDeleteDemoCompany[Kurdish - Sorani](1)" classname="erp.testcases.CompanyList.CompanyListTest" time="216.115">
    <system-out><![CDATA[End test name: verifyGoToEditRealCompanyPage
Passed case: verifyGoToEditRealCompanyPage
INFO  Log - Passed: verifyGoToEditRealCompanyPage
<========================= FINISH TEST CASE =========================> 



<========================= RUN TEST CASE =========================>
INFO  Log - Run test: verifyDeleteDemoCompany
INFO  Log - Test on Language:Kurdish - Sorani
Start with Test name: verifyDeleteDemoCompany
Test with language: Kurdish - Sorani
Test with language: Kurdish - Sorani
The company type does not exist
]]></system-out>
  </testcase>
  <testcase name="verifyDeleteRealCompany[Kurdish - Sorani](1)" classname="erp.testcases.CompanyList.CompanyListTest" time="182.327">
    <system-out><![CDATA[End test name: verifyDeleteDemoCompany
Passed case: verifyDeleteDemoCompany
INFO  Log - Passed: verifyDeleteDemoCompany
<========================= FINISH TEST CASE =========================> 



<========================= RUN TEST CASE =========================>
INFO  Log - Run test: verifyDeleteRealCompany
INFO  Log - Test on Language:Kurdish - Sorani
Start with Test name: verifyDeleteRealCompany
Test with language: Kurdish - Sorani
Test with language: Kurdish - Sorani
The company type does not exist
]]></system-out>
  </testcase>
</testsuite>