<?xml version="1.0" encoding="UTF-8"?>
<!-- Generated by org.testng.reporters.JUnitXMLReporter -->
<testsuite ignored="0" hostname="DESKTOP-2SIODJT" failures="0" tests="7" name="CompanyList_Suite" time="1465.026" errors="0" timestamp="2024-01-12T14:43:22 ICT">
  <testcase classname="erp.testcases.CompanyList.CompanyListTest" name="verifyElements" time="167.467"/>
  <testcase classname="erp.testcases.CompanyList.CompanyListTest" name="verifyCompanyListNotNull" time="243.109"/>
  <testcase classname="erp.testcases.CompanyList.CompanyListTest" name="verifyCompanyListNull" time="208.604"/>
  <testcase classname="erp.testcases.CompanyList.CompanyListTest" name="verifyGoToEditDemoCompanyPage" time="214.02"/>
  <testcase classname="erp.testcases.CompanyList.CompanyListTest" name="verifyGoToEditRealCompanyPage" time="214.953"/>
  <testcase classname="erp.testcases.CompanyList.CompanyListTest" name="verifyDeleteDemoCompany" time="216.114"/>
  <testcase classname="erp.testcases.CompanyList.CompanyListTest" name="verifyDeleteRealCompany" time="182.326"/>
</testsuite> <!-- CompanyList_Suite -->
